# JRE version: OpenJDK Runtime Environment (11.0.12+7) (build 11.0.12+7-b1504.28-7817840)
# Java VM: OpenJDK 64-Bit Server VM (11.0.12+7-b1504.28-7817840, mixed mode, tiered, compressed oops, g1 gc, windows-amd64)
Heap:
 garbage-first heap   total 227328K, used 144501K [0x0000000080000000, 0x0000000100000000)
  region size 1024K, 59 young (60416K), 8 survivors (8192K)
 Metaspace       used 95916K, capacity 98156K, committed 98380K, reserved 1134592K
  class space    used 12255K, capacity 13064K, committed 13132K, reserved 1048576K
GC Heap History (20 events):
Event: 9.646 GC heap before
{Heap before GC invocations=8 (full 0):
 garbage-first heap   total 157696K, used 101202K [0x0000000080000000, 0x0000000100000000)
  region size 1024K, 81 young (82944K), 9 survivors (9216K)
 Metaspace       used 46017K, capacity 47193K, committed 47308K, reserved 1089536K
  class space    used 5895K, capacity 6339K, committed 6348K, reserved 1048576K
}
Event: 9.665 GC heap after
{Heap after GC invocations=9 (full 0):
 garbage-first heap   total 157696K, used 30747K [0x0000000080000000, 0x0000000100000000)
  region size 1024K, 9 young (9216K), 9 survivors (9216K)
 Metaspace       used 46017K, capacity 47193K, committed 47308K, reserved 1089536K
  class space    used 5895K, capacity 6339K, committed 6348K, reserved 1048576K
}
Event: 12.415 GC heap before
{Heap before GC invocations=9 (full 0):
 garbage-first heap   total 157696K, used 109595K [0x0000000080000000, 0x0000000100000000)
  region size 1024K, 83 young (84992K), 9 survivors (9216K)
 Metaspace       used 52860K, capacity 54227K, committed 54476K, reserved 1095680K
  class space    used 6747K, capacity 7260K, committed 7372K, reserved 1048576K
}
Event: 12.436 GC heap after
{Heap after GC invocations=10 (full 0):
 garbage-first heap   total 157696K, used 42132K [0x0000000080000000, 0x0000000100000000)
  region size 1024K, 11 young (11264K), 11 survivors (11264K)
 Metaspace       used 52860K, capacity 54227K, committed 54476K, reserved 1095680K
  class space    used 6747K, capacity 7260K, committed 7372K, reserved 1048576K
}
Event: 13.438 GC heap before
{Heap before GC invocations=10 (full 0):
 garbage-first heap   total 157696K, used 75924K [0x0000000080000000, 0x0000000100000000)
  region size 1024K, 45 young (46080K), 11 survivors (11264K)
 Metaspace       used 58684K, capacity 60144K, committed 60236K, reserved 1101824K
  class space    used 7443K, capacity 7971K, committed 8012K, reserved 1048576K
}
Event: 13.462 GC heap after
{Heap after GC invocations=11 (full 0):
 garbage-first heap   total 157696K, used 45025K [0x0000000080000000, 0x0000000100000000)
  region size 1024K, 3 young (3072K), 3 survivors (3072K)
 Metaspace       used 58684K, capacity 60144K, committed 60236K, reserved 1101824K
  class space    used 7443K, capacity 7971K, committed 8012K, reserved 1048576K
}
Event: 14.891 GC heap before
{Heap before GC invocations=12 (full 0):
 garbage-first heap   total 157696K, used 106465K [0x0000000080000000, 0x0000000100000000)
  region size 1024K, 63 young (64512K), 3 survivors (3072K)
 Metaspace       used 63334K, capacity 64917K, committed 64972K, reserved 1105920K
  class space    used 8057K, capacity 8610K, committed 8652K, reserved 1048576K
}
Event: 14.914 GC heap after
{Heap after GC invocations=13 (full 0):
 garbage-first heap   total 189440K, used 50080K [0x0000000080000000, 0x0000000100000000)
  region size 1024K, 8 young (8192K), 8 survivors (8192K)
 Metaspace       used 63334K, capacity 64917K, committed 64972K, reserved 1105920K
  class space    used 8057K, capacity 8610K, committed 8652K, reserved 1048576K
}
Event: 17.406 GC heap before
{Heap before GC invocations=14 (full 0):
 garbage-first heap   total 189440K, used 126880K [0x0000000080000000, 0x0000000100000000)
  region size 1024K, 83 young (84992K), 8 survivors (8192K)
 Metaspace       used 71137K, capacity 72795K, committed 72908K, reserved 1112064K
  class space    used 9250K, capacity 9858K, committed 9932K, reserved 1048576K
}
Event: 17.432 GC heap after
{Heap after GC invocations=15 (full 0):
 garbage-first heap   total 189440K, used 54887K [0x0000000080000000, 0x0000000100000000)
  region size 1024K, 11 young (11264K), 11 survivors (11264K)
 Metaspace       used 71137K, capacity 72795K, committed 72908K, reserved 1112064K
  class space    used 9250K, capacity 9858K, committed 9932K, reserved 1048576K
}
Event: 19.868 GC heap before
{Heap before GC invocations=15 (full 0):
 garbage-first heap   total 189440K, used 133735K [0x0000000080000000, 0x0000000100000000)
  region size 1024K, 89 young (91136K), 11 survivors (11264K)
 Metaspace       used 78380K, capacity 80366K, committed 80460K, reserved 1118208K
  class space    used 10269K, capacity 10992K, committed 11084K, reserved 1048576K
}
Event: 19.895 GC heap after
{Heap after GC invocations=16 (full 0):
 garbage-first heap   total 189440K, used 60318K [0x0000000080000000, 0x0000000100000000)
  region size 1024K, 11 young (11264K), 11 survivors (11264K)
 Metaspace       used 78380K, capacity 80366K, committed 80460K, reserved 1118208K
  class space    used 10269K, capacity 10992K, committed 11084K, reserved 1048576K
}
Event: 22.320 GC heap before
{Heap before GC invocations=16 (full 0):
 garbage-first heap   total 189440K, used 139166K [0x0000000080000000, 0x0000000100000000)
  region size 1024K, 87 young (89088K), 11 survivors (11264K)
 Metaspace       used 80835K, capacity 82789K, committed 83020K, reserved 1120256K
  class space    used 10487K, capacity 11235K, committed 11340K, reserved 1048576K
}
Event: 22.362 GC heap after
{Heap after GC invocations=17 (full 0):
 garbage-first heap   total 189440K, used 74176K [0x0000000080000000, 0x0000000100000000)
  region size 1024K, 11 young (11264K), 11 survivors (11264K)
 Metaspace       used 80835K, capacity 82789K, committed 83020K, reserved 1120256K
  class space    used 10487K, capacity 11235K, committed 11340K, reserved 1048576K
}
Event: 24.327 GC heap before
{Heap before GC invocations=17 (full 0):
 garbage-first heap   total 189440K, used 153024K [0x0000000080000000, 0x0000000100000000)
  region size 1024K, 74 young (75776K), 11 survivors (11264K)
 Metaspace       used 83325K, capacity 85440K, committed 85580K, reserved 1124352K
  class space    used 10720K, capacity 11494K, committed 11596K, reserved 1048576K
}
Event: 24.364 GC heap after
{Heap after GC invocations=18 (full 0):
 garbage-first heap   total 227328K, used 84480K [0x0000000080000000, 0x0000000100000000)
  region size 1024K, 9 young (9216K), 9 survivors (9216K)
 Metaspace       used 83325K, capacity 85440K, committed 85580K, reserved 1124352K
  class space    used 10720K, capacity 11494K, committed 11596K, reserved 1048576K
}
Event: 26.250 GC heap before
{Heap before GC invocations=18 (full 0):
 garbage-first heap   total 227328K, used 158208K [0x0000000080000000, 0x0000000100000000)
  region size 1024K, 82 young (83968K), 9 survivors (9216K)
 Metaspace       used 86743K, capacity 88817K, committed 89036K, reserved 1126400K
  class space    used 11150K, capacity 11932K, committed 11980K, reserved 1048576K
}
Event: 26.274 GC heap after
{Heap after GC invocations=19 (full 0):
 garbage-first heap   total 227328K, used 87992K [0x0000000080000000, 0x0000000100000000)
  region size 1024K, 4 young (4096K), 4 survivors (4096K)
 Metaspace       used 86743K, capacity 88817K, committed 89036K, reserved 1126400K
  class space    used 11150K, capacity 11932K, committed 11980K, reserved 1048576K
}
Event: 32.754 GC heap before
{Heap before GC invocations=19 (full 0):
 garbage-first heap   total 227328K, used 163768K [0x0000000080000000, 0x0000000100000000)
  region size 1024K, 79 young (80896K), 4 survivors (4096K)
 Metaspace       used 88990K, capacity 91133K, committed 91340K, reserved 1128448K
  class space    used 11393K, capacity 12192K, committed 12236K, reserved 1048576K
}
Event: 32.770 GC heap after
{Heap after GC invocations=20 (full 0):
 garbage-first heap   total 227328K, used 92277K [0x0000000080000000, 0x0000000100000000)
  region size 1024K, 8 young (8192K), 8 survivors (8192K)
 Metaspace       used 88990K, capacity 91133K, committed 91340K, reserved 1128448K
  class space    used 11393K, capacity 12192K, committed 12236K, reserved 1048576K
}

